[ 33%] [32mBuilding CXX object CMakeFiles/autonomy_node.dir/src/navigation_behaviors.cpp.o[0m
In file included from [01m[K/home/student/pepper_ws/src/pepper_autonomy/include/navigation_behaviors.h:7[m[K,
                 from [01m[K/home/student/pepper_ws/src/pepper_autonomy/src/navigation_behaviors.cpp:1[m[K:
[01m[K/opt/ros/humble/include/tf2_geometry_msgs/tf2_geometry_msgs/tf2_geometry_msgs.h:35:2:[m[K [01;35m[Kwarning: [m[K#warning This header is obsolete, please include tf2_geometry_msgs/tf2_geometry_msgs.hpp instead [[01;35m[K]8;;https://gcc.gnu.org/onlinedocs/gcc/Warning-Options.html#index-Wcpp-Wcpp]8;;[m[K]
   35 | #[01;35m[Kwarning[m[K This header is obsolete, please include tf2_geometry_msgs/tf2_geometry_msgs.hpp instead
      |  [01;35m[K^~~~~~~[m[K
[01m[K/home/student/pepper_ws/src/pepper_autonomy/src/navigation_behaviors.cpp:18:6:[m[K [01;31m[Kerror: [m[Kno declaration matches â€˜[01m[Kvoid GoToPose::setGoal(const std::vector<float>&)[m[Kâ€™
   18 | void [01;31m[KGoToPose[m[K::setGoal(const std::vector<float> &goal)
      |      [01;31m[K^~~~~~~~[m[K
[01m[K/home/student/pepper_ws/src/pepper_autonomy/src/navigation_behaviors.cpp:18:6:[m[K [01;36m[Knote: [m[Kno functions named â€˜[01m[Kvoid GoToPose::setGoal(const std::vector<float>&)[m[Kâ€™
In file included from [01m[K/home/student/pepper_ws/src/pepper_autonomy/src/navigation_behaviors.cpp:1[m[K:
[01m[K/home/student/pepper_ws/src/pepper_autonomy/include/navigation_behaviors.h:9:7:[m[K [01;36m[Knote: [m[Kâ€˜[01m[Kclass GoToPose[m[Kâ€™ defined here
    9 | class [01;36m[KGoToPose[m[K : public BT::StatefulActionNode
      |       [01;36m[K^~~~~~~~[m[K
[01m[K/home/student/pepper_ws/src/pepper_autonomy/src/navigation_behaviors.cpp:[m[K In member function â€˜[01m[Kvirtual BT::NodeStatus GoToPose::onStart()[m[Kâ€™:
[01m[K/home/student/pepper_ws/src/pepper_autonomy/src/navigation_behaviors.cpp:26:7:[m[K [01;31m[Kerror: [m[Kâ€˜[01m[Kgoal_[m[Kâ€™ was not declared in this scope
   26 |   if ([01;31m[Kgoal_[m[K.empty())
      |       [01;31m[K^~~~~[m[K
[01m[K/home/student/pepper_ws/src/pepper_autonomy/src/navigation_behaviors.cpp:39:35:[m[K [01;31m[Kerror: [m[Kâ€˜[01m[Kgoal_[m[Kâ€™ was not declared in this scope
   39 | oal_msg.pose.pose.position.x = [01;31m[Kgoal_[m[K[0];
      |                                [01;31m[K^~~~~[m[K

In file included from [01m[K/opt/ros/humble/include/rclcpp/rclcpp/logging.hpp:24[m[K,
                 from [01m[K/opt/ros/humble/include/rclcpp/rclcpp/client.hpp:40[m[K,
                 from [01m[K/opt/ros/humble/include/rclcpp/rclcpp/callback_group.hpp:24[m[K,
                 from [01m[K/opt/ros/humble/include/rclcpp/rclcpp/any_executable.hpp:20[m[K,
                 from [01m[K/opt/ros/humble/include/rclcpp/rclcpp/memory_strategy.hpp:25[m[K,
                 from [01m[K/opt/ros/humble/include/rclcpp/rclcpp/memory_strategies.hpp:18[m[K,
                 from [01m[K/opt/ros/humble/include/rclcpp/rclcpp/executor_options.hpp:20[m[K,
                 from [01m[K/opt/ros/humble/include/rclcpp/rclcpp/executor.hpp:37[m[K,
                 from [01m[K/opt/ros/humble/include/rclcpp/rclcpp/executors/multi_threaded_executor.hpp:25[m[K,
                 from [01m[K/opt/ros/humble/include/rclcpp/rclcpp/executors.hpp:21[m[K,
                 from [01m[K/opt/ros/humble/include/rclcpp/rclcpp/rclcpp.hpp:155[m[K,
                 from [01m[K/home/student/pepper_ws/src/pepper_autonomy/include/navigation_behaviors.h:1[m[K,
                 from [01m[K/home/student/pepper_ws/src/pepper_autonomy/src/navigation_behaviors.cpp:1[m[K:
[01m[K/home/student/pepper_ws/src/pepper_autonomy/src/navigation_behaviors.cpp:[m[K In member function â€˜[01m[Kvirtual BT::NodeStatus GoToPose::onRunning()[m[Kâ€™:
[01m[K/home/student/pepper_ws/src/pepper_autonomy/src/navigation_behaviors.cpp:59:42:[m[K [01;35m[Kwarning: [m[Kformat â€˜[01m[K%s[m[Kâ€™ expects argument of type â€˜[01m[Kchar*[m[Kâ€™, but argument 5 has type â€˜[01m[Kconst string[m[Kâ€™ {aka â€˜[01m[Kconst std::__cxx11::basic_string<char>[m[Kâ€™} [[01;35m[K]8;;https://gcc.gnu.org/onlinedocs/gcc/Warning-Options.html#index-Wformat=-Wformat=]8;;[m[K]
   59 | NFO(node_ptr_->get_logger(), [01;35m[K"[%s] Goal reached\n"[m[K, this->name());
      |                              [01;35m[K^~~~~~~~~~~~~~~~~~~~~[m[K

[01m[K/home/student/pepper_ws/src/pepper_autonomy/src/navigation_behaviors.cpp:59:45:[m[K [01;36m[Knote: [m[Kformat string is defined here
   59 | (node_ptr_->get_logger(), "[[01;36m[K%s[m[K] Goal reached\n", this->name());
      |                             [01;36m[K~^[m[K
      |                              [01;36m[K|[m[K
      |                              [01;36m[Kchar*[m[K

gmake[2]: *** [CMakeFiles/autonomy_node.dir/build.make:90: CMakeFiles/autonomy_node.dir/src/navigation_behaviors.cpp.o] Error 1
gmake[1]: *** [CMakeFiles/Makefile2:137: CMakeFiles/autonomy_node.dir/all] Error 2
gmake: *** [Makefile:146: all] Error 2
