[35m[1mConsolidate compiler generated dependencies of target autonomy_node[0m
[ 33%] [32mBuilding CXX object CMakeFiles/autonomy_node.dir/src/navigation_behaviors.cpp.o[0m
[ 66%] [32mBuilding CXX object CMakeFiles/autonomy_node.dir/src/autonomy_node.cpp.o[0m
[01m[K/home/student/pepper_ws/src/pepper_autonomy/src/navigation_behaviors.cpp:[m[K In lambda function:
[01m[K/home/student/pepper_ws/src/pepper_autonomy/src/navigation_behaviors.cpp:12:9:[m[K [01;31m[Kerror: [m[Kâ€˜[01m[KhandleGoalMessage[m[Kâ€™ was not declared in this scope
   12 |         [01;31m[KhandleGoalMessage[m[K(msg);
      |         [01;31m[K^~~~~~~~~~~~~~~~~[m[K
[01m[K/home/student/pepper_ws/src/pepper_autonomy/src/navigation_behaviors.cpp:[m[K At global scope:
[01m[K/home/student/pepper_ws/src/pepper_autonomy/src/navigation_behaviors.cpp:71:6:[m[K [01;31m[Kerror: [m[Kno declaration matches â€˜[01m[Kvoid GoToPose::handleGoalMessage(geometry_msgs::msg::PoseStamped_<std::allocator<void> >::SharedPtr)[m[Kâ€™
   71 | void [01;31m[KGoToPose[m[K::handleGoalMessage(const geometry_msgs::msg::PoseStamped::SharedPtr msg)
      |      [01;31m[K^~~~~~~~[m[K
[01m[K/home/student/pepper_ws/src/pepper_autonomy/src/navigation_behaviors.cpp:71:6:[m[K [01;36m[Knote: [m[Kno functions named â€˜[01m[Kvoid GoToPose::handleGoalMessage(geometry_msgs::msg::PoseStamped_<std::allocator<void> >::SharedPtr)[m[Kâ€™
In file included from [01m[K/home/student/pepper_ws/src/pepper_autonomy/src/navigation_behaviors.cpp:1[m[K:
[01m[K/home/student/pepper_ws/src/pepper_autonomy/include/navigation_behaviors.h:9:7:[m[K [01;36m[Knote: [m[Kâ€˜[01m[Kclass GoToPose[m[Kâ€™ defined here
    9 | class [01;36m[KGoToPose[m[K : public BT::StatefulActionNode
      |       [01;36m[K^~~~~~~~[m[K
gmake[2]: *** [CMakeFiles/autonomy_node.dir/build.make:90: CMakeFiles/autonomy_node.dir/src/navigation_behaviors.cpp.o] Error 1
gmake[1]: *** [CMakeFiles/Makefile2:137: CMakeFiles/autonomy_node.dir/all] Error 2
gmake: *** [Makefile:146: all] Error 2
