[0.366s] Invoking command in '/home/student/pepper_ws/build/pepper_autonomy': CMAKE_PREFIX_PATH=${CMAKE_PREFIX_PATH}:/home/student/ros2_ws/install/autonomous_tb3:/opt/ros/humble /usr/bin/cmake --build /home/student/pepper_ws/build/pepper_autonomy -- -j8 -l8
[0.446s] [35m[1mConsolidate compiler generated dependencies of target autonomy_node[0m
[0.530s] [ 33%] [32mBuilding CXX object CMakeFiles/autonomy_node.dir/src/navigation_behaviors.cpp.o[0m
[0.530s] [ 66%] [32mBuilding CXX object CMakeFiles/autonomy_node.dir/src/autonomy_node.cpp.o[0m
[4.250s] [01m[K/home/student/pepper_ws/src/pepper_autonomy/src/navigation_behaviors.cpp:[m[K In lambda function:
[4.250s] [01m[K/home/student/pepper_ws/src/pepper_autonomy/src/navigation_behaviors.cpp:12:9:[m[K [01;31m[Kerror: [m[Kâ€˜[01m[KhandleGoalMessage[m[Kâ€™ was not declared in this scope
[4.250s]    12 |         [01;31m[KhandleGoalMessage[m[K(msg);
[4.250s]       |         [01;31m[K^~~~~~~~~~~~~~~~~[m[K
[4.274s] [01m[K/home/student/pepper_ws/src/pepper_autonomy/src/navigation_behaviors.cpp:[m[K At global scope:
[4.275s] [01m[K/home/student/pepper_ws/src/pepper_autonomy/src/navigation_behaviors.cpp:71:6:[m[K [01;31m[Kerror: [m[Kno declaration matches â€˜[01m[Kvoid GoToPose::handleGoalMessage(geometry_msgs::msg::PoseStamped_<std::allocator<void> >::SharedPtr)[m[Kâ€™
[4.275s]    71 | void [01;31m[KGoToPose[m[K::handleGoalMessage(const geometry_msgs::msg::PoseStamped::SharedPtr msg)
[4.275s]       |      [01;31m[K^~~~~~~~[m[K
[4.275s] [01m[K/home/student/pepper_ws/src/pepper_autonomy/src/navigation_behaviors.cpp:71:6:[m[K [01;36m[Knote: [m[Kno functions named â€˜[01m[Kvoid GoToPose::handleGoalMessage(geometry_msgs::msg::PoseStamped_<std::allocator<void> >::SharedPtr)[m[Kâ€™
[4.275s] In file included from [01m[K/home/student/pepper_ws/src/pepper_autonomy/src/navigation_behaviors.cpp:1[m[K:
[4.275s] [01m[K/home/student/pepper_ws/src/pepper_autonomy/include/navigation_behaviors.h:9:7:[m[K [01;36m[Knote: [m[Kâ€˜[01m[Kclass GoToPose[m[Kâ€™ defined here
[4.275s]     9 | class [01;36m[KGoToPose[m[K : public BT::StatefulActionNode
[4.275s]       |       [01;36m[K^~~~~~~~[m[K
[7.850s] gmake[2]: *** [CMakeFiles/autonomy_node.dir/build.make:90: CMakeFiles/autonomy_node.dir/src/navigation_behaviors.cpp.o] Error 1
[7.850s] gmake[1]: *** [CMakeFiles/Makefile2:137: CMakeFiles/autonomy_node.dir/all] Error 2
[7.850s] gmake: *** [Makefile:146: all] Error 2
[7.852s] Invoked command in '/home/student/pepper_ws/build/pepper_autonomy' returned '2': CMAKE_PREFIX_PATH=${CMAKE_PREFIX_PATH}:/home/student/ros2_ws/install/autonomous_tb3:/opt/ros/humble /usr/bin/cmake --build /home/student/pepper_ws/build/pepper_autonomy -- -j8 -l8
