[0.383s] Invoking command in '/home/student/pepper_ws/build/pepper_autonomy': CMAKE_PREFIX_PATH=${CMAKE_PREFIX_PATH}:/home/student/ros2_ws/install/autonomous_tb3:/opt/ros/humble /usr/bin/cmake --build /home/student/pepper_ws/build/pepper_autonomy -- -j8 -l8
[0.461s] [35m[1mConsolidate compiler generated dependencies of target autonomy_node[0m
[0.506s] [ 33%] [32mBuilding CXX object CMakeFiles/autonomy_node.dir/src/autonomy_node.cpp.o[0m
[0.507s] [ 66%] [32mBuilding CXX object CMakeFiles/autonomy_node.dir/src/navigation_behaviors.cpp.o[0m
[3.937s] [01m[K/home/student/pepper_ws/src/pepper_autonomy/src/navigation_behaviors.cpp:[m[K In member function â€˜[01m[Kvirtual BT::NodeStatus GoToPose::onStart()[m[Kâ€™:
[3.937s] [01m[K/home/student/pepper_ws/src/pepper_autonomy/src/navigation_behaviors.cpp:42:3:[m[K [01;31m[Kerror: [m[Kâ€˜[01m[Ktf2[m[Kâ€™ has not been declared
[3.937s]    42 |   [01;31m[Ktf2[m[K::Quaternion q;
[3.937s]       |   [01;31m[K^~~[m[K
[3.942s] [01m[K/home/student/pepper_ws/src/pepper_autonomy/src/navigation_behaviors.cpp:43:3:[m[K [01;31m[Kerror: [m[Kâ€˜[01m[Kq[m[Kâ€™ was not declared in this scope
[3.942s]    43 |   [01;31m[Kq[m[K.setRPY(0, 0, goal_[2]);  // Keep orientation as set in goal if applicable
[3.942s]       |   [01;31m[K^[m[K
[3.942s] [01m[K/home/student/pepper_ws/src/pepper_autonomy/src/navigation_behaviors.cpp:45:36:[m[K [01;31m[Kerror: [m[Kâ€˜[01m[Ktf2[m[Kâ€™ has not been declared
[3.942s]    45 |   goal_msg.pose.pose.orientation = [01;31m[Ktf2[m[K::toMsg(q);
[3.942s]       |                                    [01;31m[K^~~[m[K
[3.947s] [01m[K/home/student/pepper_ws/src/pepper_autonomy/src/navigation_behaviors.cpp:[m[K At global scope:
[3.947s] [01m[K/home/student/pepper_ws/src/pepper_autonomy/src/navigation_behaviors.cpp:78:6:[m[K [01;31m[Kerror: [m[Kno declaration matches â€˜[01m[Kvoid GoToPose::onHalted()[m[Kâ€™
[3.947s]    78 | void [01;31m[KGoToPose[m[K::onHalted()
[3.947s]       |      [01;31m[K^~~~~~~~[m[K
[3.947s] [01m[K/home/student/pepper_ws/src/pepper_autonomy/src/navigation_behaviors.cpp:78:6:[m[K [01;36m[Knote: [m[Kno functions named â€˜[01m[Kvoid GoToPose::onHalted()[m[Kâ€™
[3.947s] In file included from [01m[K/home/student/pepper_ws/src/pepper_autonomy/src/navigation_behaviors.cpp:1[m[K:
[3.947s] [01m[K/home/student/pepper_ws/src/pepper_autonomy/include/navigation_behaviors.h:14:7:[m[K [01;36m[Knote: [m[Kâ€˜[01m[Kclass GoToPose[m[Kâ€™ defined here
[3.947s]    14 | class [01;36m[KGoToPose[m[K : public BT::StatefulActionNode
[3.948s]       |       [01;36m[K^~~~~~~~[m[K
[4.074s] In file included from [01m[K/usr/include/c++/11/memory:76[m[K,
[4.074s]                  from [01m[K/opt/ros/humble/include/rclcpp/rclcpp/rclcpp.hpp:153[m[K,
[4.074s]                  from [01m[K/home/student/pepper_ws/src/pepper_autonomy/include/autonomy_node.h:4[m[K,
[4.074s]                  from [01m[K/home/student/pepper_ws/src/pepper_autonomy/src/autonomy_node.cpp:1[m[K:
[4.074s] /usr/include/c++/11/bits/unique_ptr.h: In instantiation of â€˜[01m[Ktypename std::_MakeUniq<_Tp>::__single_object std::make_unique(_Args&& ...) [with _Tp = GoToPose; _Args = {const std::__cxx11::basic_string<char, std::char_traits<char>, std::allocator<char> >&, const BT::NodeConfiguration&, std::shared_ptr<rclcpp::Node>}; typename std::_MakeUniq<_Tp>::__single_object = std::unique_ptr<GoToPose, std::default_delete<GoToPose> >][m[Kâ€™:
[4.075s] [01m[K/home/student/pepper_ws/src/pepper_autonomy/src/autonomy_node.cpp:45:38:[m[K   required from here
[4.075s] [01m[K/usr/include/c++/11/bits/unique_ptr.h:962:30:[m[K [01;31m[Kerror: [m[Kinvalid new-expression of abstract class type â€˜[01m[KGoToPose[m[Kâ€™
[4.075s]   962 |     { return unique_ptr<_Tp>([01;31m[Knew _Tp(std::forward<_Args>(__args)...)[m[K); }
[4.075s]       |                              [01;31m[K^~~~~~~~~~~~~~~~~~~~~~~~~~~~~~~~~~~~~~~[m[K
[4.075s] In file included from [01m[K/home/student/pepper_ws/src/pepper_autonomy/include/autonomy_node.h:7[m[K,
[4.075s]                  from [01m[K/home/student/pepper_ws/src/pepper_autonomy/src/autonomy_node.cpp:1[m[K:
[4.075s] [01m[K/home/student/pepper_ws/src/pepper_autonomy/include/navigation_behaviors.h:14:7:[m[K [01;36m[Knote: [m[K  because the following virtual functions are pure within â€˜[01m[KGoToPose[m[Kâ€™:
[4.076s]    14 | class [01;36m[KGoToPose[m[K : public BT::StatefulActionNode
[4.076s]       |       [01;36m[K^~~~~~~~[m[K
[4.076s] In file included from [01m[K/opt/ros/humble/include/behaviortree_cpp_v3/behavior_tree.h:28[m[K,
[4.076s]                  from [01m[K/opt/ros/humble/include/behaviortree_cpp_v3/bt_factory.h:25[m[K,
[4.076s]                  from [01m[K/home/student/pepper_ws/src/pepper_autonomy/include/autonomy_node.h:5[m[K,
[4.076s]                  from [01m[K/home/student/pepper_ws/src/pepper_autonomy/src/autonomy_node.cpp:1[m[K:
[4.076s] [01m[K/opt/ros/humble/include/behaviortree_cpp_v3/action_node.h:174:16:[m[K [01;36m[Knote: [m[K    â€˜[01m[Kvirtual void BT::StatefulActionNode::onHalted()[m[Kâ€™
[4.076s]   174 |   virtual void [01;36m[KonHalted[m[K() = 0;
[4.077s]       |                [01;36m[K^~~~~~~~[m[K
[5.015s] gmake[2]: *** [CMakeFiles/autonomy_node.dir/build.make:90: CMakeFiles/autonomy_node.dir/src/navigation_behaviors.cpp.o] Error 1
[5.015s] gmake[2]: *** Waiting for unfinished jobs....
[6.633s] gmake[2]: *** [CMakeFiles/autonomy_node.dir/build.make:76: CMakeFiles/autonomy_node.dir/src/autonomy_node.cpp.o] Error 1
[6.633s] gmake[1]: *** [CMakeFiles/Makefile2:137: CMakeFiles/autonomy_node.dir/all] Error 2
[6.633s] gmake: *** [Makefile:146: all] Error 2
[6.636s] Invoked command in '/home/student/pepper_ws/build/pepper_autonomy' returned '2': CMAKE_PREFIX_PATH=${CMAKE_PREFIX_PATH}:/home/student/ros2_ws/install/autonomous_tb3:/opt/ros/humble /usr/bin/cmake --build /home/student/pepper_ws/build/pepper_autonomy -- -j8 -l8
