[0.413s] Invoking command in '/home/student/pepper_ws/build/book_database': CMAKE_PREFIX_PATH=${CMAKE_PREFIX_PATH}:/home/student/pepper_ws/install/turtlebot3_teleop:/home/student/pepper_ws/install/turtlebot3_example:/home/student/pepper_ws/install/move_pepper:/home/student/ros2_ws/install/autonomous_tb3:/opt/ros/humble /usr/bin/cmake --build /home/student/pepper_ws/build/book_database -- -j8 -l8
[0.517s] [ 50%] [32mBuilding CXX object CMakeFiles/book_database.dir/src/book_database.cpp.o[0m
[3.387s] [01m[K/home/student/pepper_ws/src/book_database/src/book_database.cpp:[m[K In member function â€˜[01m[Kvoid BookDatabaseNode::handle_user_input()[m[Kâ€™:
[3.387s] [01m[K/home/student/pepper_ws/src/book_database/src/book_database.cpp:140:33:[m[K [01;31m[Kerror: [m[Kâ€˜[01m[Kusing element_type = class rclcpp::Subscription<std_msgs::msg::String_<std::allocator<void> > >[m[Kâ€™ {aka â€˜[01m[Kclass rclcpp::Subscription<std_msgs::msg::String_<std::allocator<void> > >[m[Kâ€™} has no member named â€˜[01m[Kpublish[m[Kâ€™
[3.387s]   140 |             borrow_subscriber_->[01;31m[Kpublish[m[K(msg);
[3.387s]       |                                 [01;31m[K^~~~~~~[m[K
[5.952s] gmake[2]: *** [CMakeFiles/book_database.dir/build.make:76: CMakeFiles/book_database.dir/src/book_database.cpp.o] Error 1
[5.952s] gmake[1]: *** [CMakeFiles/Makefile2:137: CMakeFiles/book_database.dir/all] Error 2
[5.952s] gmake: *** [Makefile:146: all] Error 2
[5.954s] Invoked command in '/home/student/pepper_ws/build/book_database' returned '2': CMAKE_PREFIX_PATH=${CMAKE_PREFIX_PATH}:/home/student/pepper_ws/install/turtlebot3_teleop:/home/student/pepper_ws/install/turtlebot3_example:/home/student/pepper_ws/install/move_pepper:/home/student/ros2_ws/install/autonomous_tb3:/opt/ros/humble /usr/bin/cmake --build /home/student/pepper_ws/build/book_database -- -j8 -l8
