[0.942s] Invoking command in '/home/student/pepper_ws/build/pepper_autonomy': CMAKE_PREFIX_PATH=${CMAKE_PREFIX_PATH}:/home/student/pepper_ws/install/turtlebot3_teleop:/home/student/pepper_ws/install/turtlebot3_example:/home/student/pepper_ws/install/move_pepper:/home/student/ros2_ws/install/autonomous_tb3:/opt/ros/humble /usr/bin/cmake --build /home/student/pepper_ws/build/pepper_autonomy -- -j8 -l8
[1.049s] [35m[1mConsolidate compiler generated dependencies of target autonomy_node[0m
[1.125s] [ 33%] [32mBuilding CXX object CMakeFiles/autonomy_node.dir/src/autonomy_node.cpp.o[0m
[1.146s] [01m[K/home/student/pepper_ws/src/pepper_autonomy/src/autonomy_node.cpp:1:10:[m[K [01;31m[Kfatal error: [m[Kautonomy_node.h: No such file or directory
[1.146s]     1 | #include [01;31m[K"autonomy_node.h"[m[K
[1.146s]       |          [01;31m[K^~~~~~~~~~~~~~~~~[m[K
[1.148s] compilation terminated.
[1.152s] gmake[2]: *** [CMakeFiles/autonomy_node.dir/build.make:76: CMakeFiles/autonomy_node.dir/src/autonomy_node.cpp.o] Error 1
[1.160s] gmake[1]: *** [CMakeFiles/Makefile2:137: CMakeFiles/autonomy_node.dir/all] Error 2
[1.161s] gmake: *** [Makefile:146: all] Error 2
[1.165s] Invoked command in '/home/student/pepper_ws/build/pepper_autonomy' returned '2': CMAKE_PREFIX_PATH=${CMAKE_PREFIX_PATH}:/home/student/pepper_ws/install/turtlebot3_teleop:/home/student/pepper_ws/install/turtlebot3_example:/home/student/pepper_ws/install/move_pepper:/home/student/ros2_ws/install/autonomous_tb3:/opt/ros/humble /usr/bin/cmake --build /home/student/pepper_ws/build/pepper_autonomy -- -j8 -l8
